[ 2017-08-21T22:41:44+08:00 ] 127.0.0.1 /
INFO: [ app_init ] --START--
INFO: Run Behavior\BuildLiteBehavior [ RunTime:0.000018s ]
INFO: [ app_init ] --END-- [ RunTime:0.000475s ]
INFO: [ app_begin ] --START--
INFO: Run Behavior\ReadHtmlCacheBehavior [ RunTime:0.000638s ]
INFO: [ app_begin ] --END-- [ RunTime:0.000706s ]
NOTIC: [2] Redis::pconnect(): connect() failed: Connection refused /Users/warthur/Projects/www/dms/Application/Home/Common/RedisModel.class.php 第 27 行.
ERR: Redis server went away

[ 2017-08-21T22:42:47+08:00 ] 127.0.0.1 /
INFO: [ app_init ] --START--
INFO: Run Behavior\BuildLiteBehavior [ RunTime:0.000015s ]
INFO: [ app_init ] --END-- [ RunTime:0.000244s ]
INFO: [ app_begin ] --START--
INFO: Run Behavior\ReadHtmlCacheBehavior [ RunTime:0.000307s ]
INFO: [ app_begin ] --END-- [ RunTime:0.000354s ]
NOTIC: [2] Redis::pconnect(): connect() failed: Connection refused /Users/warthur/Projects/www/dms/Application/Home/Common/RedisModel.class.php 第 27 行.
ERR: Redis server went away

[ 2017-08-21T22:42:49+08:00 ] 127.0.0.1 /
INFO: [ app_init ] --START--
INFO: Run Behavior\BuildLiteBehavior [ RunTime:0.000016s ]
INFO: [ app_init ] --END-- [ RunTime:0.000213s ]
INFO: [ app_begin ] --START--
INFO: Run Behavior\ReadHtmlCacheBehavior [ RunTime:0.000221s ]
INFO: [ app_begin ] --END-- [ RunTime:0.000268s ]
NOTIC: [2] Redis::pconnect(): connect() failed: Connection refused /Users/warthur/Projects/www/dms/Application/Home/Common/RedisModel.class.php 第 27 行.
ERR: Redis server went away

[ 2017-08-21T22:46:16+08:00 ] 127.0.0.1 /
INFO: [ app_init ] --START--
INFO: Run Behavior\BuildLiteBehavior [ RunTime:0.000013s ]
INFO: [ app_init ] --END-- [ RunTime:0.000195s ]
INFO: [ app_begin ] --START--
INFO: Run Behavior\ReadHtmlCacheBehavior [ RunTime:0.000217s ]
INFO: [ app_begin ] --END-- [ RunTime:0.000263s ]
INFO: [ view_parse ] --START--
INFO: [ template_filter ] --START--
INFO: Run Behavior\ContentReplaceBehavior [ RunTime:0.000062s ]
INFO: [ template_filter ] --END-- [ RunTime:0.000126s ]
INFO: Run Behavior\ParseTemplateBehavior [ RunTime:0.005312s ]
INFO: [ view_parse ] --END-- [ RunTime:0.005373s ]
INFO: [ view_filter ] --START--
INFO: Run Behavior\WriteHtmlCacheBehavior [ RunTime:0.000114s ]
INFO: [ view_filter ] --END-- [ RunTime:0.000155s ]
INFO: [ app_end ] --START--
INFO: Run Behavior\ShowPageTraceBehavior [ RunTime:0.000340s ]
INFO: [ app_end ] --END-- [ RunTime:0.000384s ]

[ 2017-08-21T22:46:18+08:00 ] 127.0.0.1 /Home/Login/loginAjax
INFO: [ app_init ] --START--
INFO: Run Behavior\BuildLiteBehavior [ RunTime:0.000014s ]
INFO: [ app_init ] --END-- [ RunTime:0.000197s ]
INFO: [ app_begin ] --START--
INFO: Run Behavior\ReadHtmlCacheBehavior [ RunTime:0.000225s ]
INFO: [ app_begin ] --END-- [ RunTime:0.000270s ]
ERR: SQLSTATE[HY000] [1045] Access denied for user 'risk'@'222.71.129.216' (using password: YES)

[ 2017-08-21T22:46:42+08:00 ] 127.0.0.1 /
INFO: [ app_init ] --START--
INFO: Run Behavior\BuildLiteBehavior [ RunTime:0.000014s ]
INFO: [ app_init ] --END-- [ RunTime:0.000196s ]
INFO: [ app_begin ] --START--
INFO: Run Behavior\ReadHtmlCacheBehavior [ RunTime:0.000299s ]
INFO: [ app_begin ] --END-- [ RunTime:0.000346s ]
INFO: [ view_parse ] --START--
INFO: [ template_filter ] --START--
INFO: Run Behavior\ContentReplaceBehavior [ RunTime:0.000046s ]
INFO: [ template_filter ] --END-- [ RunTime:0.000104s ]
INFO: Run Behavior\ParseTemplateBehavior [ RunTime:0.005032s ]
INFO: [ view_parse ] --END-- [ RunTime:0.005135s ]
INFO: [ view_filter ] --START--
INFO: Run Behavior\WriteHtmlCacheBehavior [ RunTime:0.000094s ]
INFO: [ view_filter ] --END-- [ RunTime:0.000136s ]
INFO: [ app_end ] --START--
INFO: Run Behavior\ShowPageTraceBehavior [ RunTime:0.000292s ]
INFO: [ app_end ] --END-- [ RunTime:0.000338s ]

[ 2017-08-21T22:46:45+08:00 ] 127.0.0.1 /Home/Login/loginAjax
INFO: [ app_init ] --START--
INFO: Run Behavior\BuildLiteBehavior [ RunTime:0.000014s ]
INFO: [ app_init ] --END-- [ RunTime:0.000197s ]
INFO: [ app_begin ] --START--
INFO: Run Behavior\ReadHtmlCacheBehavior [ RunTime:0.000223s ]
INFO: [ app_begin ] --END-- [ RunTime:0.000265s ]
SQL: SHOW COLUMNS FROM `tp_account` [ RunTime:0.0274s ]
SQL: SELECT `account_id`,`password` FROM `tp_account` WHERE `is_available` = 1 AND `account_name` = 'laiguobao' LIMIT 1   [ RunTime:0.0264s ]
SQL: SHOW COLUMNS FROM `tp_account_role_rel` [ RunTime:0.0266s ]
SQL: SELECT `role_id` FROM `tp_account_role_rel` WHERE `account_id` = 45  [ RunTime:0.0336s ]
SQL: SHOW COLUMNS FROM `tp_role_module_rel` [ RunTime:0.0274s ]
SQL: SELECT * FROM `tp_role_module_rel` WHERE `role_id` IN ('49')  [ RunTime:0.0296s ]
SQL: SELECT `belonged_organ_id` FROM `tp_account` WHERE `account_id` = 45 LIMIT 1   [ RunTime:0.0264s ]
SQL: UPDATE `tp_account` SET `last_login_time`='2017-08-21 22:46:44' WHERE `account_id` = 45 [ RunTime:0.0357s ]

[ 2017-08-21T22:46:45+08:00 ] 127.0.0.1 /
INFO: [ app_init ] --START--
INFO: Run Behavior\BuildLiteBehavior [ RunTime:0.000013s ]
INFO: [ app_init ] --END-- [ RunTime:0.000190s ]
INFO: [ app_begin ] --START--
INFO: Run Behavior\ReadHtmlCacheBehavior [ RunTime:0.000211s ]
INFO: [ app_begin ] --END-- [ RunTime:0.000255s ]
INFO: [ view_parse ] --START--
INFO: [ template_filter ] --START--
INFO: Run Behavior\ContentReplaceBehavior [ RunTime:0.000057s ]
INFO: [ template_filter ] --END-- [ RunTime:0.000119s ]
INFO: Run Behavior\ParseTemplateBehavior [ RunTime:0.009800s ]
INFO: [ view_parse ] --END-- [ RunTime:0.009865s ]
INFO: [ view_filter ] --START--
INFO: Run Behavior\WriteHtmlCacheBehavior [ RunTime:0.000095s ]
INFO: [ view_filter ] --END-- [ RunTime:0.000136s ]
INFO: [ app_end ] --START--
INFO: Run Behavior\ShowPageTraceBehavior [ RunTime:0.000258s ]
INFO: [ app_end ] --END-- [ RunTime:0.000303s ]

[ 2017-08-21T22:46:46+08:00 ] 127.0.0.1 /Home/Index/menu
INFO: [ app_init ] --START--
INFO: Run Behavior\BuildLiteBehavior [ RunTime:0.000024s ]
INFO: [ app_init ] --END-- [ RunTime:0.000330s ]
INFO: [ app_begin ] --START--
INFO: Run Behavior\ReadHtmlCacheBehavior [ RunTime:0.000451s ]
INFO: [ app_begin ] --END-- [ RunTime:0.000546s ]
SQL: SHOW COLUMNS FROM `tp_organ` [ RunTime:0.0286s ]
SQL: SHOW COLUMNS FROM `tp_account_role_rel` [ RunTime:0.0321s ]
SQL: SELECT `role_id` FROM `tp_account_role_rel` WHERE `account_id` = 45  [ RunTime:0.0343s ]
SQL: SHOW COLUMNS FROM `tp_module` [ RunTime:0.0276s ]
SQL: SHOW COLUMNS FROM `tp_role_module_rel` [ RunTime:0.0363s ]
SQL: SELECT * FROM `tp_role_module_rel` WHERE `role_id` IN ('49')  [ RunTime:0.0282s ]
SQL: SELECT `module_id`,`module_name`,`module_url` FROM `tp_module` WHERE `parent_module_id` = 0 AND `is_visible` = 1 AND `platform_id` = 2 ORDER BY sort_no desc,module_id asc  [ RunTime:0.0407s ]
SQL: SELECT `module_id`,`module_name`,`module_url` FROM `tp_module` WHERE `module_id` IN ('38','39','40','47','92','114','43','44','45','46','77','78','79','80','41','42','48','49','50','51','52','53','54','59','60','61','62','63','67','70','71','72','73','68','55','56','57','58','64','65','66','69','74','75','76','82','83','84','85','86','122','123','125','126','127','124','128','129','94','95','96','97','98','99','100','101','102','103','104','105','106','107','108','109','110','111','112','113','115','116','118','117','119','120','121') AND `parent_module_id` = '48' AND `is_visible` = 1 ORDER BY sort_no desc,module_id asc  [ RunTime:0.0280s ]
SQL: SELECT `module_id`,`module_name`,`module_url` FROM `tp_module` WHERE `module_id` IN ('38','39','40','47','92','114','43','44','45','46','77','78','79','80','41','42','48','49','50','51','52','53','54','59','60','61','62','63','67','70','71','72','73','68','55','56','57','58','64','65','66','69','74','75','76','82','83','84','85','86','122','123','125','126','127','124','128','129','94','95','96','97','98','99','100','101','102','103','104','105','106','107','108','109','110','111','112','113','115','116','118','117','119','120','121') AND `parent_module_id` = '68' AND `is_visible` = 1 ORDER BY sort_no desc,module_id asc  [ RunTime:0.0347s ]
SQL: SELECT `module_id`,`module_name`,`module_url` FROM `tp_module` WHERE `module_id` IN ('38','39','40','47','92','114','43','44','45','46','77','78','79','80','41','42','48','49','50','51','52','53','54','59','60','61','62','63','67','70','71','72','73','68','55','56','57','58','64','65','66','69','74','75','76','82','83','84','85','86','122','123','125','126','127','124','128','129','94','95','96','97','98','99','100','101','102','103','104','105','106','107','108','109','110','111','112','113','115','116','118','117','119','120','121') AND `parent_module_id` = '67' AND `is_visible` = 1 ORDER BY sort_no desc,module_id asc  [ RunTime:0.0266s ]
SQL: SELECT `module_id`,`module_name`,`module_url` FROM `tp_module` WHERE `module_id` IN ('38','39','40','47','92','114','43','44','45','46','77','78','79','80','41','42','48','49','50','51','52','53','54','59','60','61','62','63','67','70','71','72','73','68','55','56','57','58','64','65','66','69','74','75','76','82','83','84','85','86','122','123','125','126','127','124','128','129','94','95','96','97','98','99','100','101','102','103','104','105','106','107','108','109','110','111','112','113','115','116','118','117','119','120','121') AND `parent_module_id` = '69' AND `is_visible` = 1 ORDER BY sort_no desc,module_id asc  [ RunTime:0.0267s ]
SQL: SELECT `module_id`,`module_name`,`module_url` FROM `tp_module` WHERE `module_id` IN ('38','39','40','47','92','114','43','44','45','46','77','78','79','80','41','42','48','49','50','51','52','53','54','59','60','61','62','63','67','70','71','72','73','68','55','56','57','58','64','65','66','69','74','75','76','82','83','84','85','86','122','123','125','126','127','124','128','129','94','95','96','97','98','99','100','101','102','103','104','105','106','107','108','109','110','111','112','113','115','116','118','117','119','120','121') AND `parent_module_id` = '59' AND `is_visible` = 1 ORDER BY sort_no desc,module_id asc  [ RunTime:0.0274s ]
SQL: SELECT `module_id`,`module_name`,`module_url` FROM `tp_module` WHERE `module_id` IN ('38','39','40','47','92','114','43','44','45','46','77','78','79','80','41','42','48','49','50','51','52','53','54','59','60','61','62','63','67','70','71','72','73','68','55','56','57','58','64','65','66','69','74','75','76','82','83','84','85','86','122','123','125','126','127','124','128','129','94','95','96','97','98','99','100','101','102','103','104','105','106','107','108','109','110','111','112','113','115','116','118','117','119','120','121') AND `parent_module_id` = '41' AND `is_visible` = 1 ORDER BY sort_no desc,module_id asc  [ RunTime:0.0271s ]
SQL: SELECT `module_id`,`module_name`,`module_url` FROM `tp_module` WHERE `module_id` IN ('38','39','40','47','92','114','43','44','45','46','77','78','79','80','41','42','48','49','50','51','52','53','54','59','60','61','62','63','67','70','71','72','73','68','55','56','57','58','64','65','66','69','74','75','76','82','83','84','85','86','122','123','125','126','127','124','128','129','94','95','96','97','98','99','100','101','102','103','104','105','106','107','108','109','110','111','112','113','115','116','118','117','119','120','121') AND `parent_module_id` = '38' AND `is_visible` = 1 ORDER BY sort_no desc,module_id asc  [ RunTime:0.0271s ]
SQL: SELECT `module_id`,`module_name`,`module_url` FROM `tp_module` WHERE `module_id` IN ('38','39','40','47','92','114','43','44','45','46','77','78','79','80','41','42','48','49','50','51','52','53','54','59','60','61','62','63','67','70','71','72','73','68','55','56','57','58','64','65','66','69','74','75','76','82','83','84','85','86','122','123','125','126','127','124','128','129','94','95','96','97','98','99','100','101','102','103','104','105','106','107','108','109','110','111','112','113','115','116','118','117','119','120','121') AND `parent_module_id` = '82' AND `is_visible` = 1 ORDER BY sort_no desc,module_id asc  [ RunTime:0.0266s ]
SQL: SELECT `module_id`,`module_name`,`module_url` FROM `tp_module` WHERE `module_id` IN ('38','39','40','47','92','114','43','44','45','46','77','78','79','80','41','42','48','49','50','51','52','53','54','59','60','61','62','63','67','70','71','72','73','68','55','56','57','58','64','65','66','69','74','75','76','82','83','84','85','86','122','123','125','126','127','124','128','129','94','95','96','97','98','99','100','101','102','103','104','105','106','107','108','109','110','111','112','113','115','116','118','117','119','120','121') AND `parent_module_id` = '122' AND `is_visible` = 1 ORDER BY sort_no desc,module_id asc  [ RunTime:0.0268s ]
INFO: [ view_parse ] --START--
INFO: [ template_filter ] --START--
INFO: Run Behavior\ContentReplaceBehavior [ RunTime:0.000080s ]
INFO: [ template_filter ] --END-- [ RunTime:0.000135s ]
INFO: Run Behavior\ParseTemplateBehavior [ RunTime:0.005309s ]
INFO: [ view_parse ] --END-- [ RunTime:0.005364s ]
INFO: [ view_filter ] --START--
INFO: Run Behavior\WriteHtmlCacheBehavior [ RunTime:0.000095s ]
INFO: [ view_filter ] --END-- [ RunTime:0.000135s ]
INFO: [ app_end ] --START--
INFO: Run Behavior\ShowPageTraceBehavior [ RunTime:0.000411s ]
INFO: [ app_end ] --END-- [ RunTime:0.000491s ]

[ 2017-08-21T22:46:47+08:00 ] 127.0.0.1 /Home/Index/main
INFO: [ app_init ] --START--
INFO: Run Behavior\BuildLiteBehavior [ RunTime:0.000024s ]
INFO: [ app_init ] --END-- [ RunTime:0.000334s ]
INFO: [ app_begin ] --START--
INFO: Run Behavior\ReadHtmlCacheBehavior [ RunTime:0.000399s ]
INFO: [ app_begin ] --END-- [ RunTime:0.000485s ]
SQL: SHOW COLUMNS FROM `tp_organ` [ RunTime:0.0319s ]
SQL: SHOW COLUMNS FROM `tp_account_role_rel` [ RunTime:0.0420s ]
SQL: SELECT `role_id` FROM `tp_account_role_rel` WHERE `account_id` = 45  [ RunTime:0.0299s ]
SQL: SHOW COLUMNS FROM `tp_module` [ RunTime:0.0272s ]
SQL: SHOW COLUMNS FROM `tp_role_organ_rel` [ RunTime:0.0277s ]
SQL: SELECT * FROM `tp_role_organ_rel` WHERE `role_id` IN ('49')  [ RunTime:0.0266s ]
SQL: SELECT * FROM `tp_role_organ_rel` WHERE `role_id` IN ('49')  [ RunTime:0.0266s ]
SQL: SELECT `organ_id`,`channel_id` FROM `tp_organ` WHERE `organ_id` IN ('88','72','83','82','81','80','1','1')  [ RunTime:0.0302s ]
NOTIC: [8] Undefined index: carNo /Users/warthur/Projects/www/dms/Application/Home/Controller/IndexController.class.php 第 96 行.
NOTIC: [8] Undefined index: travelNum /Users/warthur/Projects/www/dms/Application/Home/Controller/IndexController.class.php 第 98 行.
NOTIC: [8] Undefined index: cost /Users/warthur/Projects/www/dms/Application/Home/Controller/IndexController.class.php 第 99 行.
NOTIC: [8] Undefined index: off /Users/warthur/Projects/www/dms/Application/Home/Controller/IndexController.class.php 第 100 行.
NOTIC: [8] Undefined index: on /Users/warthur/Projects/www/dms/Application/Home/Controller/IndexController.class.php 第 101 行.
NOTIC: [8] Undefined index: on /Users/warthur/Projects/www/dms/Application/Home/Controller/IndexController.class.php 第 101 行.
NOTIC: [8] Undefined index: stop /Users/warthur/Projects/www/dms/Application/Home/Controller/IndexController.class.php 第 102 行.
NOTIC: [8] Undefined index: stop /Users/warthur/Projects/www/dms/Application/Home/Controller/IndexController.class.php 第 102 行.
INFO: [ view_parse ] --START--
INFO: [ template_filter ] --START--
INFO: Run Behavior\ContentReplaceBehavior [ RunTime:0.000050s ]
INFO: [ template_filter ] --END-- [ RunTime:0.000106s ]
NOTIC: [8] Undefined variable: display_name /Users/warthur/Projects/www/dms/Application/Runtime/Cache/Home/4462707c48390994935bf3e366c221aa.php 第 34 行.
NOTIC: [8] Undefined variable: date /Users/warthur/Projects/www/dms/Application/Runtime/Cache/Home/4462707c48390994935bf3e366c221aa.php 第 34 行.
INFO: Run Behavior\ParseTemplateBehavior [ RunTime:0.004930s ]
INFO: [ view_parse ] --END-- [ RunTime:0.004979s ]
INFO: [ view_filter ] --START--
INFO: Run Behavior\WriteHtmlCacheBehavior [ RunTime:0.000113s ]
INFO: [ view_filter ] --END-- [ RunTime:0.000154s ]
INFO: [ app_end ] --START--
INFO: Run Behavior\ShowPageTraceBehavior [ RunTime:0.000497s ]
INFO: [ app_end ] --END-- [ RunTime:0.000585s ]

[ 2017-08-21T22:46:47+08:00 ] 127.0.0.1 /Home/Index/sonParent
INFO: [ app_init ] --START--
INFO: Run Behavior\BuildLiteBehavior [ RunTime:0.000014s ]
INFO: [ app_init ] --END-- [ RunTime:0.000210s ]
INFO: [ app_begin ] --START--
INFO: Run Behavior\ReadHtmlCacheBehavior [ RunTime:0.000403s ]
INFO: [ app_begin ] --END-- [ RunTime:0.000457s ]
SQL: SHOW COLUMNS FROM `tp_organ` [ RunTime:0.0275s ]
SQL: SHOW COLUMNS FROM `tp_account_role_rel` [ RunTime:0.0295s ]
SQL: SELECT `role_id` FROM `tp_account_role_rel` WHERE `account_id` = 45  [ RunTime:0.0263s ]
SQL: SHOW COLUMNS FROM `tp_module` [ RunTime:0.0275s ]
SQL: SHOW COLUMNS FROM `tp_account` [ RunTime:0.0288s ]
SQL: SELECT `belonged_organ_id` FROM `tp_account` WHERE `account_id` = 45 LIMIT 1   [ RunTime:0.0312s ]
SQL: SHOW COLUMNS FROM `tp_role_organ_rel` [ RunTime:0.0273s ]
SQL: SELECT * FROM `tp_role_organ_rel` WHERE `role_id` IN ('49')  [ RunTime:0.0261s ]
SQL: SELECT `belonged_organ_id` FROM `tp_account` WHERE `account_id` = 45 LIMIT 1   [ RunTime:0.0366s ]
SQL: SELECT * FROM `tp_role_organ_rel` WHERE `role_id` IN ('49')  [ RunTime:0.0262s ]
SQL: select organ.organ_id,organ.organ_name,organ.channel_id from tp_organ as organ
		 where 1=1 and organ.parent_organ_id = '0' and organ.is_available = '1' and organ.parent_organ_id = 0 and organ.organ_id in (0,88,72,83,82,81,80,1) order by organ.organ_id desc [ RunTime:0.0294s ]
SQL: SELECT * FROM `tp_role_organ_rel` WHERE `role_id` IN ('49')  [ RunTime:0.0268s ]
SQL: SELECT `belonged_organ_id` FROM `tp_account` WHERE `account_id` = 45 LIMIT 1   [ RunTime:0.0268s ]
SQL: SELECT * FROM `tp_role_organ_rel` WHERE `role_id` IN ('49')  [ RunTime:0.0254s ]
SQL: select organ.organ_id,organ.organ_name,organ.channel_id from tp_organ as organ
		 where 1=1 and organ.parent_organ_id = '88' and organ.is_available = '1' and organ.parent_organ_id = 0 and organ.organ_id in (0,88,72,83,82,81,80,1) order by organ.organ_id desc [ RunTime:0.0320s ]
NOTIC: [8] Undefined variable: array /Users/warthur/Projects/www/dms/Application/Home/Controller/BaseController.class.php 第 89 行.
SQL: SELECT * FROM `tp_role_organ_rel` WHERE `role_id` IN ('49')  [ RunTime:0.0264s ]
SQL: SELECT `belonged_organ_id` FROM `tp_account` WHERE `account_id` = 45 LIMIT 1   [ RunTime:0.0311s ]
SQL: SELECT * FROM `tp_role_organ_rel` WHERE `role_id` IN ('49')  [ RunTime:0.0269s ]
SQL: select organ.organ_id,organ.organ_name,organ.channel_id from tp_organ as organ
		 where 1=1 and organ.parent_organ_id = '72' and organ.is_available = '1' and organ.parent_organ_id = 0 and organ.organ_id in (0,88,72,83,82,81,80,1) order by organ.organ_id desc [ RunTime:0.0264s ]
NOTIC: [8] Undefined variable: array /Users/warthur/Projects/www/dms/Application/Home/Controller/BaseController.class.php 第 89 行.
SQL: SELECT * FROM `tp_role_organ_rel` WHERE `role_id` IN ('49')  [ RunTime:0.0294s ]
SQL: SELECT `belonged_organ_id` FROM `tp_account` WHERE `account_id` = 45 LIMIT 1   [ RunTime:0.0291s ]
SQL: SELECT * FROM `tp_role_organ_rel` WHERE `role_id` IN ('49')  [ RunTime:0.0318s ]
SQL: select organ.organ_id,organ.organ_name,organ.channel_id from tp_organ as organ
		 where 1=1 and organ.parent_organ_id = '1' and organ.is_available = '1' and organ.parent_organ_id = 0 and organ.organ_id in (0,88,72,83,82,81,80,1) order by organ.organ_id desc [ RunTime:0.0264s ]
NOTIC: [8] Undefined variable: array /Users/warthur/Projects/www/dms/Application/Home/Controller/BaseController.class.php 第 89 行.

[ 2017-08-21T22:46:48+08:00 ] 127.0.0.1 /Home/Index/score
INFO: [ app_init ] --START--
INFO: Run Behavior\BuildLiteBehavior [ RunTime:0.000050s ]
INFO: [ app_init ] --END-- [ RunTime:0.000425s ]
INFO: [ app_begin ] --START--
INFO: Run Behavior\ReadHtmlCacheBehavior [ RunTime:0.000464s ]
INFO: [ app_begin ] --END-- [ RunTime:0.000559s ]
SQL: SHOW COLUMNS FROM `tp_organ` [ RunTime:0.0329s ]
SQL: SHOW COLUMNS FROM `tp_account_role_rel` [ RunTime:0.0270s ]
SQL: SELECT `role_id` FROM `tp_account_role_rel` WHERE `account_id` = 45  [ RunTime:0.0265s ]
SQL: SHOW COLUMNS FROM `tp_module` [ RunTime:0.0271s ]
SQL: SHOW COLUMNS FROM `tp_role_organ_rel` [ RunTime:0.0314s ]
SQL: SELECT * FROM `tp_role_organ_rel` WHERE `role_id` IN ('49')  [ RunTime:0.0265s ]
SQL: SELECT * FROM `tp_role_organ_rel` WHERE `role_id` IN ('49')  [ RunTime:0.0265s ]
SQL: SELECT `organ_id`,`channel_id` FROM `tp_organ` WHERE `organ_id` IN ('88','72','83','82','81','80','1','1')  [ RunTime:0.0316s ]
NOTIC: [2] ksort() expects parameter 1 to be array, null given /Users/warthur/Projects/www/dms/Application/Home/Controller/IndexController.class.php 第 129 行.
NOTIC: [2] Invalid argument supplied for foreach() /Users/warthur/Projects/www/dms/Application/Home/Controller/IndexController.class.php 第 130 行.
NOTIC: [8] Undefined variable: info /Users/warthur/Projects/www/dms/Application/Home/Controller/IndexController.class.php 第 141 行.
NOTIC: [2] array_values() expects parameter 1 to be array, null given /Users/warthur/Projects/www/dms/Application/Home/Controller/IndexController.class.php 第 141 行.

[ 2017-08-21T22:46:48+08:00 ] 127.0.0.1 /Home/Index/cost
INFO: [ app_init ] --START--
INFO: Run Behavior\BuildLiteBehavior [ RunTime:0.000016s ]
INFO: [ app_init ] --END-- [ RunTime:0.000222s ]
INFO: [ app_begin ] --START--
INFO: Run Behavior\ReadHtmlCacheBehavior [ RunTime:0.000370s ]
INFO: [ app_begin ] --END-- [ RunTime:0.000434s ]
SQL: SHOW COLUMNS FROM `tp_organ` [ RunTime:0.0274s ]
SQL: SHOW COLUMNS FROM `tp_account_role_rel` [ RunTime:0.0266s ]
SQL: SELECT `role_id` FROM `tp_account_role_rel` WHERE `account_id` = 45  [ RunTime:0.0270s ]
SQL: SHOW COLUMNS FROM `tp_module` [ RunTime:0.0406s ]
SQL: SHOW COLUMNS FROM `tp_role_organ_rel` [ RunTime:0.0268s ]
SQL: SELECT * FROM `tp_role_organ_rel` WHERE `role_id` IN ('49')  [ RunTime:0.0278s ]
SQL: SELECT * FROM `tp_role_organ_rel` WHERE `role_id` IN ('49')  [ RunTime:0.0268s ]
SQL: SELECT `organ_id`,`channel_id` FROM `tp_organ` WHERE `organ_id` IN ('88','72','83','82','81','80','1','1')  [ RunTime:0.0310s ]
NOTIC: [2] ksort() expects parameter 1 to be array, null given /Users/warthur/Projects/www/dms/Application/Home/Controller/IndexController.class.php 第 164 行.
NOTIC: [2] Invalid argument supplied for foreach() /Users/warthur/Projects/www/dms/Application/Home/Controller/IndexController.class.php 第 165 行.
NOTIC: [8] Undefined variable: info /Users/warthur/Projects/www/dms/Application/Home/Controller/IndexController.class.php 第 173 行.
NOTIC: [2] array_values() expects parameter 1 to be array, null given /Users/warthur/Projects/www/dms/Application/Home/Controller/IndexController.class.php 第 173 行.

[ 2017-08-21T22:46:49+08:00 ] 127.0.0.1 /Home/Index/travel
INFO: [ app_init ] --START--
INFO: Run Behavior\BuildLiteBehavior [ RunTime:0.000038s ]
INFO: [ app_init ] --END-- [ RunTime:0.001339s ]
INFO: [ app_begin ] --START--
INFO: Run Behavior\ReadHtmlCacheBehavior [ RunTime:0.001005s ]
INFO: [ app_begin ] --END-- [ RunTime:0.001086s ]
SQL: SHOW COLUMNS FROM `tp_organ` [ RunTime:0.0383s ]
SQL: SHOW COLUMNS FROM `tp_account_role_rel` [ RunTime:0.0381s ]
SQL: SELECT `role_id` FROM `tp_account_role_rel` WHERE `account_id` = 45  [ RunTime:0.0385s ]
SQL: SHOW COLUMNS FROM `tp_module` [ RunTime:0.0419s ]
SQL: SHOW COLUMNS FROM `tp_role_organ_rel` [ RunTime:0.0532s ]
SQL: SELECT * FROM `tp_role_organ_rel` WHERE `role_id` IN ('49')  [ RunTime:0.0375s ]
SQL: SELECT * FROM `tp_role_organ_rel` WHERE `role_id` IN ('49')  [ RunTime:0.0369s ]
SQL: SELECT `organ_id`,`channel_id` FROM `tp_organ` WHERE `organ_id` IN ('88','72','83','82','81','80','1','1')  [ RunTime:0.0424s ]
NOTIC: [2] ksort() expects parameter 1 to be array, null given /Users/warthur/Projects/www/dms/Application/Home/Controller/IndexController.class.php 第 196 行.
NOTIC: [2] Invalid argument supplied for foreach() /Users/warthur/Projects/www/dms/Application/Home/Controller/IndexController.class.php 第 197 行.
NOTIC: [8] Undefined variable: info /Users/warthur/Projects/www/dms/Application/Home/Controller/IndexController.class.php 第 205 行.
NOTIC: [2] array_values() expects parameter 1 to be array, null given /Users/warthur/Projects/www/dms/Application/Home/Controller/IndexController.class.php 第 205 行.

[ 2017-08-21T22:46:51+08:00 ] 127.0.0.1 /Home/Login/loginOut
INFO: [ app_init ] --START--
INFO: Run Behavior\BuildLiteBehavior [ RunTime:0.000014s ]
INFO: [ app_init ] --END-- [ RunTime:0.000198s ]
INFO: [ app_begin ] --START--
INFO: Run Behavior\ReadHtmlCacheBehavior [ RunTime:0.000217s ]
INFO: [ app_begin ] --END-- [ RunTime:0.000262s ]

[ 2017-08-21T22:46:52+08:00 ] 127.0.0.1 /
INFO: [ app_init ] --START--
INFO: Run Behavior\BuildLiteBehavior [ RunTime:0.000015s ]
INFO: [ app_init ] --END-- [ RunTime:0.000202s ]
INFO: [ app_begin ] --START--
INFO: Run Behavior\ReadHtmlCacheBehavior [ RunTime:0.000221s ]
INFO: [ app_begin ] --END-- [ RunTime:0.000267s ]
INFO: [ view_parse ] --START--
INFO: [ template_filter ] --START--
INFO: Run Behavior\ContentReplaceBehavior [ RunTime:0.000041s ]
INFO: [ template_filter ] --END-- [ RunTime:0.000163s ]
INFO: Run Behavior\ParseTemplateBehavior [ RunTime:0.004240s ]
INFO: [ view_parse ] --END-- [ RunTime:0.004314s ]
INFO: [ view_filter ] --START--
INFO: Run Behavior\WriteHtmlCacheBehavior [ RunTime:0.000114s ]
INFO: [ view_filter ] --END-- [ RunTime:0.000156s ]
INFO: [ app_end ] --START--
INFO: Run Behavior\ShowPageTraceBehavior [ RunTime:0.000270s ]
INFO: [ app_end ] --END-- [ RunTime:0.000315s ]

[ 2017-08-21T22:47:31+08:00 ] 127.0.0.1 /
INFO: [ app_init ] --START--
INFO: Run Behavior\BuildLiteBehavior [ RunTime:0.000014s ]
INFO: [ app_init ] --END-- [ RunTime:0.000203s ]
INFO: [ app_begin ] --START--
INFO: Run Behavior\ReadHtmlCacheBehavior [ RunTime:0.000218s ]
INFO: [ app_begin ] --END-- [ RunTime:0.000263s ]
INFO: [ view_parse ] --START--
INFO: [ template_filter ] --START--
INFO: Run Behavior\ContentReplaceBehavior [ RunTime:0.000033s ]
INFO: [ template_filter ] --END-- [ RunTime:0.000085s ]
INFO: Run Behavior\ParseTemplateBehavior [ RunTime:0.002764s ]
INFO: [ view_parse ] --END-- [ RunTime:0.002843s ]
INFO: [ view_filter ] --START--
INFO: Run Behavior\WriteHtmlCacheBehavior [ RunTime:0.000092s ]
INFO: [ view_filter ] --END-- [ RunTime:0.000132s ]
INFO: [ app_end ] --START--
INFO: Run Behavior\ShowPageTraceBehavior [ RunTime:0.000250s ]
INFO: [ app_end ] --END-- [ RunTime:0.000292s ]

[ 2017-08-21T22:47:33+08:00 ] 127.0.0.1 /Home/Login/loginAjax
INFO: [ app_init ] --START--
INFO: Run Behavior\BuildLiteBehavior [ RunTime:0.000014s ]
INFO: [ app_init ] --END-- [ RunTime:0.000197s ]
INFO: [ app_begin ] --START--
INFO: Run Behavior\ReadHtmlCacheBehavior [ RunTime:0.000215s ]
INFO: [ app_begin ] --END-- [ RunTime:0.000255s ]
SQL: SHOW COLUMNS FROM `tp_account` [ RunTime:0.0310s ]
SQL: SELECT `account_id`,`password` FROM `tp_account` WHERE `is_available` = 1 AND `account_name` = 'laiguobao' LIMIT 1   [ RunTime:0.0266s ]
SQL: SHOW COLUMNS FROM `tp_account_role_rel` [ RunTime:0.0268s ]
SQL: SELECT `role_id` FROM `tp_account_role_rel` WHERE `account_id` = 45  [ RunTime:0.0263s ]
SQL: SHOW COLUMNS FROM `tp_role_module_rel` [ RunTime:0.0268s ]
SQL: SELECT * FROM `tp_role_module_rel` WHERE `role_id` IN ('49')  [ RunTime:0.0288s ]
SQL: SELECT `belonged_organ_id` FROM `tp_account` WHERE `account_id` = 45 LIMIT 1   [ RunTime:0.0274s ]
SQL: UPDATE `tp_account` SET `last_login_time`='2017-08-21 22:47:33' WHERE `account_id` = 45 [ RunTime:0.0392s ]

[ 2017-08-21T22:47:33+08:00 ] 127.0.0.1 /
INFO: [ app_init ] --START--
INFO: Run Behavior\BuildLiteBehavior [ RunTime:0.000014s ]
INFO: [ app_init ] --END-- [ RunTime:0.000196s ]
INFO: [ app_begin ] --START--
INFO: Run Behavior\ReadHtmlCacheBehavior [ RunTime:0.000218s ]
INFO: [ app_begin ] --END-- [ RunTime:0.000264s ]
INFO: [ view_parse ] --START--
INFO: [ template_filter ] --START--
INFO: Run Behavior\ContentReplaceBehavior [ RunTime:0.000055s ]
INFO: [ template_filter ] --END-- [ RunTime:0.000117s ]
INFO: Run Behavior\ParseTemplateBehavior [ RunTime:0.005263s ]
INFO: [ view_parse ] --END-- [ RunTime:0.005322s ]
INFO: [ view_filter ] --START--
INFO: Run Behavior\WriteHtmlCacheBehavior [ RunTime:0.000099s ]
INFO: [ view_filter ] --END-- [ RunTime:0.000140s ]
INFO: [ app_end ] --START--
INFO: Run Behavior\ShowPageTraceBehavior [ RunTime:0.000262s ]
INFO: [ app_end ] --END-- [ RunTime:0.000308s ]

[ 2017-08-21T22:47:34+08:00 ] 127.0.0.1 /Home/Index/menu
INFO: [ app_init ] --START--
INFO: Run Behavior\BuildLiteBehavior [ RunTime:0.000023s ]
INFO: [ app_init ] --END-- [ RunTime:0.000355s ]
INFO: [ app_begin ] --START--
INFO: Run Behavior\ReadHtmlCacheBehavior [ RunTime:0.000433s ]
INFO: [ app_begin ] --END-- [ RunTime:0.000516s ]
SQL: SHOW COLUMNS FROM `tp_organ` [ RunTime:0.0278s ]
SQL: SHOW COLUMNS FROM `tp_account_role_rel` [ RunTime:0.0275s ]
SQL: SELECT `role_id` FROM `tp_account_role_rel` WHERE `account_id` = 45  [ RunTime:0.0322s ]
SQL: SHOW COLUMNS FROM `tp_module` [ RunTime:0.0273s ]
SQL: SHOW COLUMNS FROM `tp_role_module_rel` [ RunTime:0.0277s ]
SQL: SELECT * FROM `tp_role_module_rel` WHERE `role_id` IN ('49')  [ RunTime:0.0273s ]
SQL: SELECT `module_id`,`module_name`,`module_url` FROM `tp_module` WHERE `parent_module_id` = 0 AND `is_visible` = 1 AND `platform_id` = 2 ORDER BY sort_no desc,module_id asc  [ RunTime:0.0271s ]
SQL: SELECT `module_id`,`module_name`,`module_url` FROM `tp_module` WHERE `module_id` IN ('38','39','40','47','92','114','43','44','45','46','77','78','79','80','41','42','48','49','50','51','52','53','54','59','60','61','62','63','67','70','71','72','73','68','55','56','57','58','64','65','66','69','74','75','76','82','83','84','85','86','122','123','125','126','127','124','128','129','94','95','96','97','98','99','100','101','102','103','104','105','106','107','108','109','110','111','112','113','115','116','118','117','119','120','121') AND `parent_module_id` = '48' AND `is_visible` = 1 ORDER BY sort_no desc,module_id asc  [ RunTime:0.0317s ]
SQL: SELECT `module_id`,`module_name`,`module_url` FROM `tp_module` WHERE `module_id` IN ('38','39','40','47','92','114','43','44','45','46','77','78','79','80','41','42','48','49','50','51','52','53','54','59','60','61','62','63','67','70','71','72','73','68','55','56','57','58','64','65','66','69','74','75','76','82','83','84','85','86','122','123','125','126','127','124','128','129','94','95','96','97','98','99','100','101','102','103','104','105','106','107','108','109','110','111','112','113','115','116','118','117','119','120','121') AND `parent_module_id` = '68' AND `is_visible` = 1 ORDER BY sort_no desc,module_id asc  [ RunTime:0.0264s ]
SQL: SELECT `module_id`,`module_name`,`module_url` FROM `tp_module` WHERE `module_id` IN ('38','39','40','47','92','114','43','44','45','46','77','78','79','80','41','42','48','49','50','51','52','53','54','59','60','61','62','63','67','70','71','72','73','68','55','56','57','58','64','65','66','69','74','75','76','82','83','84','85','86','122','123','125','126','127','124','128','129','94','95','96','97','98','99','100','101','102','103','104','105','106','107','108','109','110','111','112','113','115','116','118','117','119','120','121') AND `parent_module_id` = '67' AND `is_visible` = 1 ORDER BY sort_no desc,module_id asc  [ RunTime:0.0302s ]
SQL: SELECT `module_id`,`module_name`,`module_url` FROM `tp_module` WHERE `module_id` IN ('38','39','40','47','92','114','43','44','45','46','77','78','79','80','41','42','48','49','50','51','52','53','54','59','60','61','62','63','67','70','71','72','73','68','55','56','57','58','64','65','66','69','74','75','76','82','83','84','85','86','122','123','125','126','127','124','128','129','94','95','96','97','98','99','100','101','102','103','104','105','106','107','108','109','110','111','112','113','115','116','118','117','119','120','121') AND `parent_module_id` = '69' AND `is_visible` = 1 ORDER BY sort_no desc,module_id asc  [ RunTime:0.0268s ]
SQL: SELECT `module_id`,`module_name`,`module_url` FROM `tp_module` WHERE `module_id` IN ('38','39','40','47','92','114','43','44','45','46','77','78','79','80','41','42','48','49','50','51','52','53','54','59','60','61','62','63','67','70','71','72','73','68','55','56','57','58','64','65','66','69','74','75','76','82','83','84','85','86','122','123','125','126','127','124','128','129','94','95','96','97','98','99','100','101','102','103','104','105','106','107','108','109','110','111','112','113','115','116','118','117','119','120','121') AND `parent_module_id` = '59' AND `is_visible` = 1 ORDER BY sort_no desc,module_id asc  [ RunTime:0.0269s ]
SQL: SELECT `module_id`,`module_name`,`module_url` FROM `tp_module` WHERE `module_id` IN ('38','39','40','47','92','114','43','44','45','46','77','78','79','80','41','42','48','49','50','51','52','53','54','59','60','61','62','63','67','70','71','72','73','68','55','56','57','58','64','65','66','69','74','75','76','82','83','84','85','86','122','123','125','126','127','124','128','129','94','95','96','97','98','99','100','101','102','103','104','105','106','107','108','109','110','111','112','113','115','116','118','117','119','120','121') AND `parent_module_id` = '41' AND `is_visible` = 1 ORDER BY sort_no desc,module_id asc  [ RunTime:0.0271s ]
SQL: SELECT `module_id`,`module_name`,`module_url` FROM `tp_module` WHERE `module_id` IN ('38','39','40','47','92','114','43','44','45','46','77','78','79','80','41','42','48','49','50','51','52','53','54','59','60','61','62','63','67','70','71','72','73','68','55','56','57','58','64','65','66','69','74','75','76','82','83','84','85','86','122','123','125','126','127','124','128','129','94','95','96','97','98','99','100','101','102','103','104','105','106','107','108','109','110','111','112','113','115','116','118','117','119','120','121') AND `parent_module_id` = '38' AND `is_visible` = 1 ORDER BY sort_no desc,module_id asc  [ RunTime:0.0268s ]
SQL: SELECT `module_id`,`module_name`,`module_url` FROM `tp_module` WHERE `module_id` IN ('38','39','40','47','92','114','43','44','45','46','77','78','79','80','41','42','48','49','50','51','52','53','54','59','60','61','62','63','67','70','71','72','73','68','55','56','57','58','64','65','66','69','74','75','76','82','83','84','85','86','122','123','125','126','127','124','128','129','94','95','96','97','98','99','100','101','102','103','104','105','106','107','108','109','110','111','112','113','115','116','118','117','119','120','121') AND `parent_module_id` = '82' AND `is_visible` = 1 ORDER BY sort_no desc,module_id asc  [ RunTime:0.0269s ]
SQL: SELECT `module_id`,`module_name`,`module_url` FROM `tp_module` WHERE `module_id` IN ('38','39','40','47','92','114','43','44','45','46','77','78','79','80','41','42','48','49','50','51','52','53','54','59','60','61','62','63','67','70','71','72','73','68','55','56','57','58','64','65','66','69','74','75','76','82','83','84','85','86','122','123','125','126','127','124','128','129','94','95','96','97','98','99','100','101','102','103','104','105','106','107','108','109','110','111','112','113','115','116','118','117','119','120','121') AND `parent_module_id` = '122' AND `is_visible` = 1 ORDER BY sort_no desc,module_id asc  [ RunTime:0.0265s ]
INFO: [ view_parse ] --START--
INFO: [ template_filter ] --START--
INFO: Run Behavior\ContentReplaceBehavior [ RunTime:0.000038s ]
INFO: [ template_filter ] --END-- [ RunTime:0.000090s ]
INFO: Run Behavior\ParseTemplateBehavior [ RunTime:0.005650s ]
INFO: [ view_parse ] --END-- [ RunTime:0.005709s ]
INFO: [ view_filter ] --START--
INFO: Run Behavior\WriteHtmlCacheBehavior [ RunTime:0.000100s ]
INFO: [ view_filter ] --END-- [ RunTime:0.000140s ]
INFO: [ app_end ] --START--
INFO: Run Behavior\ShowPageTraceBehavior [ RunTime:0.000386s ]
INFO: [ app_end ] --END-- [ RunTime:0.000492s ]

[ 2017-08-21T22:47:35+08:00 ] 127.0.0.1 /Home/Index/main
INFO: [ app_init ] --START--
INFO: Run Behavior\BuildLiteBehavior [ RunTime:0.000027s ]
INFO: [ app_init ] --END-- [ RunTime:0.000369s ]
INFO: [ app_begin ] --START--
INFO: Run Behavior\ReadHtmlCacheBehavior [ RunTime:0.000447s ]
INFO: [ app_begin ] --END-- [ RunTime:0.000536s ]
SQL: SHOW COLUMNS FROM `tp_organ` [ RunTime:0.0329s ]
SQL: SHOW COLUMNS FROM `tp_account_role_rel` [ RunTime:0.0317s ]
SQL: SELECT `role_id` FROM `tp_account_role_rel` WHERE `account_id` = 45  [ RunTime:0.0264s ]
SQL: SHOW COLUMNS FROM `tp_module` [ RunTime:0.0316s ]
SQL: SHOW COLUMNS FROM `tp_role_organ_rel` [ RunTime:0.0271s ]
SQL: SELECT * FROM `tp_role_organ_rel` WHERE `role_id` IN ('49')  [ RunTime:0.0267s ]
SQL: SELECT * FROM `tp_role_organ_rel` WHERE `role_id` IN ('49')  [ RunTime:0.0270s ]
SQL: SELECT `organ_id`,`channel_id` FROM `tp_organ` WHERE `organ_id` IN ('88','72','83','82','81','80','1','1')  [ RunTime:0.0317s ]
NOTIC: [8] Undefined index: carNo /Users/warthur/Projects/www/dms/Application/Home/Controller/IndexController.class.php 第 96 行.
NOTIC: [8] Undefined index: travelNum /Users/warthur/Projects/www/dms/Application/Home/Controller/IndexController.class.php 第 98 行.
NOTIC: [8] Undefined index: cost /Users/warthur/Projects/www/dms/Application/Home/Controller/IndexController.class.php 第 99 行.
NOTIC: [8] Undefined index: off /Users/warthur/Projects/www/dms/Application/Home/Controller/IndexController.class.php 第 100 行.
NOTIC: [8] Undefined index: on /Users/warthur/Projects/www/dms/Application/Home/Controller/IndexController.class.php 第 101 行.
NOTIC: [8] Undefined index: on /Users/warthur/Projects/www/dms/Application/Home/Controller/IndexController.class.php 第 101 行.
NOTIC: [8] Undefined index: stop /Users/warthur/Projects/www/dms/Application/Home/Controller/IndexController.class.php 第 102 行.
NOTIC: [8] Undefined index: stop /Users/warthur/Projects/www/dms/Application/Home/Controller/IndexController.class.php 第 102 行.
INFO: [ view_parse ] --START--
INFO: [ template_filter ] --START--
INFO: Run Behavior\ContentReplaceBehavior [ RunTime:0.000047s ]
INFO: [ template_filter ] --END-- [ RunTime:0.000100s ]
NOTIC: [8] Undefined variable: display_name /Users/warthur/Projects/www/dms/Application/Runtime/Cache/Home/4462707c48390994935bf3e366c221aa.php 第 34 行.
NOTIC: [8] Undefined variable: date /Users/warthur/Projects/www/dms/Application/Runtime/Cache/Home/4462707c48390994935bf3e366c221aa.php 第 34 行.
INFO: Run Behavior\ParseTemplateBehavior [ RunTime:0.004163s ]
INFO: [ view_parse ] --END-- [ RunTime:0.004210s ]
INFO: [ view_filter ] --START--
INFO: Run Behavior\WriteHtmlCacheBehavior [ RunTime:0.000095s ]
INFO: [ view_filter ] --END-- [ RunTime:0.000135s ]
INFO: [ app_end ] --START--
INFO: Run Behavior\ShowPageTraceBehavior [ RunTime:0.000313s ]
INFO: [ app_end ] --END-- [ RunTime:0.000379s ]

[ 2017-08-21T22:47:35+08:00 ] 127.0.0.1 /Home/Index/sonParent
INFO: [ app_init ] --START--
INFO: Run Behavior\BuildLiteBehavior [ RunTime:0.000023s ]
INFO: [ app_init ] --END-- [ RunTime:0.000335s ]
INFO: [ app_begin ] --START--
INFO: Run Behavior\ReadHtmlCacheBehavior [ RunTime:0.000283s ]
INFO: [ app_begin ] --END-- [ RunTime:0.000334s ]
SQL: SHOW COLUMNS FROM `tp_organ` [ RunTime:0.0284s ]
SQL: SHOW COLUMNS FROM `tp_account_role_rel` [ RunTime:0.0271s ]
SQL: SELECT `role_id` FROM `tp_account_role_rel` WHERE `account_id` = 45  [ RunTime:0.0268s ]
SQL: SHOW COLUMNS FROM `tp_module` [ RunTime:0.0271s ]
SQL: SHOW COLUMNS FROM `tp_account` [ RunTime:0.0269s ]
SQL: SELECT `belonged_organ_id` FROM `tp_account` WHERE `account_id` = 45 LIMIT 1   [ RunTime:0.0266s ]
SQL: SHOW COLUMNS FROM `tp_role_organ_rel` [ RunTime:0.0271s ]
SQL: SELECT * FROM `tp_role_organ_rel` WHERE `role_id` IN ('49')  [ RunTime:0.0265s ]
SQL: SELECT `belonged_organ_id` FROM `tp_account` WHERE `account_id` = 45 LIMIT 1   [ RunTime:0.0271s ]
SQL: SELECT * FROM `tp_role_organ_rel` WHERE `role_id` IN ('49')  [ RunTime:0.0281s ]
SQL: select organ.organ_id,organ.organ_name,organ.channel_id from tp_organ as organ
		 where 1=1 and organ.parent_organ_id = '0' and organ.is_available = '1' and organ.parent_organ_id = 0 and organ.organ_id in (0,88,72,83,82,81,80,1) order by organ.organ_id desc [ RunTime:0.0272s ]
SQL: SELECT * FROM `tp_role_organ_rel` WHERE `role_id` IN ('49')  [ RunTime:0.0309s ]
SQL: SELECT `belonged_organ_id` FROM `tp_account` WHERE `account_id` = 45 LIMIT 1   [ RunTime:0.0264s ]
SQL: SELECT * FROM `tp_role_organ_rel` WHERE `role_id` IN ('49')  [ RunTime:0.0273s ]
SQL: select organ.organ_id,organ.organ_name,organ.channel_id from tp_organ as organ
		 where 1=1 and organ.parent_organ_id = '88' and organ.is_available = '1' and organ.parent_organ_id = 0 and organ.organ_id in (0,88,72,83,82,81,80,1) order by organ.organ_id desc [ RunTime:0.0266s ]
NOTIC: [8] Undefined variable: array /Users/warthur/Projects/www/dms/Application/Home/Controller/BaseController.class.php 第 89 行.
SQL: SELECT * FROM `tp_role_organ_rel` WHERE `role_id` IN ('49')  [ RunTime:0.0311s ]
SQL: SELECT `belonged_organ_id` FROM `tp_account` WHERE `account_id` = 45 LIMIT 1   [ RunTime:0.0269s ]
SQL: SELECT * FROM `tp_role_organ_rel` WHERE `role_id` IN ('49')  [ RunTime:0.0266s ]
SQL: select organ.organ_id,organ.organ_name,organ.channel_id from tp_organ as organ
		 where 1=1 and organ.parent_organ_id = '72' and organ.is_available = '1' and organ.parent_organ_id = 0 and organ.organ_id in (0,88,72,83,82,81,80,1) order by organ.organ_id desc [ RunTime:0.0272s ]
NOTIC: [8] Undefined variable: array /Users/warthur/Projects/www/dms/Application/Home/Controller/BaseController.class.php 第 89 行.
SQL: SELECT * FROM `tp_role_organ_rel` WHERE `role_id` IN ('49')  [ RunTime:0.0281s ]
SQL: SELECT `belonged_organ_id` FROM `tp_account` WHERE `account_id` = 45 LIMIT 1   [ RunTime:0.0266s ]
SQL: SELECT * FROM `tp_role_organ_rel` WHERE `role_id` IN ('49')  [ RunTime:0.0267s ]
SQL: select organ.organ_id,organ.organ_name,organ.channel_id from tp_organ as organ
		 where 1=1 and organ.parent_organ_id = '1' and organ.is_available = '1' and organ.parent_organ_id = 0 and organ.organ_id in (0,88,72,83,82,81,80,1) order by organ.organ_id desc [ RunTime:0.0272s ]
NOTIC: [8] Undefined variable: array /Users/warthur/Projects/www/dms/Application/Home/Controller/BaseController.class.php 第 89 行.

[ 2017-08-21T22:47:36+08:00 ] 127.0.0.1 /Home/Index/score
INFO: [ app_init ] --START--
INFO: Run Behavior\BuildLiteBehavior [ RunTime:0.000037s ]
INFO: [ app_init ] --END-- [ RunTime:0.000723s ]
INFO: [ app_begin ] --START--
INFO: Run Behavior\ReadHtmlCacheBehavior [ RunTime:0.000448s ]
INFO: [ app_begin ] --END-- [ RunTime:0.000537s ]
SQL: SHOW COLUMNS FROM `tp_organ` [ RunTime:0.0278s ]
SQL: SHOW COLUMNS FROM `tp_account_role_rel` [ RunTime:0.0271s ]
SQL: SELECT `role_id` FROM `tp_account_role_rel` WHERE `account_id` = 45  [ RunTime:0.0261s ]
SQL: SHOW COLUMNS FROM `tp_module` [ RunTime:0.0271s ]
SQL: SHOW COLUMNS FROM `tp_role_organ_rel` [ RunTime:0.0272s ]
SQL: SELECT * FROM `tp_role_organ_rel` WHERE `role_id` IN ('49')  [ RunTime:0.0271s ]
SQL: SELECT * FROM `tp_role_organ_rel` WHERE `role_id` IN ('49')  [ RunTime:0.0277s ]
SQL: SELECT `organ_id`,`channel_id` FROM `tp_organ` WHERE `organ_id` IN ('88','72','83','82','81','80','1','1')  [ RunTime:0.0268s ]
NOTIC: [2] ksort() expects parameter 1 to be array, null given /Users/warthur/Projects/www/dms/Application/Home/Controller/IndexController.class.php 第 129 行.
NOTIC: [2] Invalid argument supplied for foreach() /Users/warthur/Projects/www/dms/Application/Home/Controller/IndexController.class.php 第 130 行.
NOTIC: [8] Undefined variable: info /Users/warthur/Projects/www/dms/Application/Home/Controller/IndexController.class.php 第 141 行.
NOTIC: [2] array_values() expects parameter 1 to be array, null given /Users/warthur/Projects/www/dms/Application/Home/Controller/IndexController.class.php 第 141 行.

[ 2017-08-21T22:47:36+08:00 ] 127.0.0.1 /Home/Index/cost
INFO: [ app_init ] --START--
INFO: Run Behavior\BuildLiteBehavior [ RunTime:0.000025s ]
INFO: [ app_init ] --END-- [ RunTime:0.000361s ]
INFO: [ app_begin ] --START--
INFO: Run Behavior\ReadHtmlCacheBehavior [ RunTime:0.000542s ]
INFO: [ app_begin ] --END-- [ RunTime:0.000793s ]
SQL: SHOW COLUMNS FROM `tp_organ` [ RunTime:0.0279s ]
SQL: SHOW COLUMNS FROM `tp_account_role_rel` [ RunTime:0.0273s ]
SQL: SELECT `role_id` FROM `tp_account_role_rel` WHERE `account_id` = 45  [ RunTime:0.0286s ]
SQL: SHOW COLUMNS FROM `tp_module` [ RunTime:0.0304s ]
SQL: SHOW COLUMNS FROM `tp_role_organ_rel` [ RunTime:0.0273s ]
SQL: SELECT * FROM `tp_role_organ_rel` WHERE `role_id` IN ('49')  [ RunTime:0.0278s ]
SQL: SELECT * FROM `tp_role_organ_rel` WHERE `role_id` IN ('49')  [ RunTime:0.0274s ]
SQL: SELECT `organ_id`,`channel_id` FROM `tp_organ` WHERE `organ_id` IN ('88','72','83','82','81','80','1','1')  [ RunTime:0.0269s ]
NOTIC: [2] ksort() expects parameter 1 to be array, null given /Users/warthur/Projects/www/dms/Application/Home/Controller/IndexController.class.php 第 164 行.
NOTIC: [2] Invalid argument supplied for foreach() /Users/warthur/Projects/www/dms/Application/Home/Controller/IndexController.class.php 第 165 行.
NOTIC: [8] Undefined variable: info /Users/warthur/Projects/www/dms/Application/Home/Controller/IndexController.class.php 第 173 行.
NOTIC: [2] array_values() expects parameter 1 to be array, null given /Users/warthur/Projects/www/dms/Application/Home/Controller/IndexController.class.php 第 173 行.

[ 2017-08-21T22:47:37+08:00 ] 127.0.0.1 /Home/Index/travel
INFO: [ app_init ] --START--
INFO: Run Behavior\BuildLiteBehavior [ RunTime:0.000027s ]
INFO: [ app_init ] --END-- [ RunTime:0.000403s ]
INFO: [ app_begin ] --START--
INFO: Run Behavior\ReadHtmlCacheBehavior [ RunTime:0.000381s ]
INFO: [ app_begin ] --END-- [ RunTime:0.000454s ]
SQL: SHOW COLUMNS FROM `tp_organ` [ RunTime:0.0383s ]
SQL: SHOW COLUMNS FROM `tp_account_role_rel` [ RunTime:0.0418s ]
SQL: SELECT `role_id` FROM `tp_account_role_rel` WHERE `account_id` = 45  [ RunTime:0.0367s ]
SQL: SHOW COLUMNS FROM `tp_module` [ RunTime:0.0379s ]
SQL: SHOW COLUMNS FROM `tp_role_organ_rel` [ RunTime:0.0374s ]
SQL: SELECT * FROM `tp_role_organ_rel` WHERE `role_id` IN ('49')  [ RunTime:0.0368s ]
SQL: SELECT * FROM `tp_role_organ_rel` WHERE `role_id` IN ('49')  [ RunTime:0.0371s ]
SQL: SELECT `organ_id`,`channel_id` FROM `tp_organ` WHERE `organ_id` IN ('88','72','83','82','81','80','1','1')  [ RunTime:0.0426s ]
NOTIC: [2] ksort() expects parameter 1 to be array, null given /Users/warthur/Projects/www/dms/Application/Home/Controller/IndexController.class.php 第 196 行.
NOTIC: [2] Invalid argument supplied for foreach() /Users/warthur/Projects/www/dms/Application/Home/Controller/IndexController.class.php 第 197 行.
NOTIC: [8] Undefined variable: info /Users/warthur/Projects/www/dms/Application/Home/Controller/IndexController.class.php 第 205 行.
NOTIC: [2] array_values() expects parameter 1 to be array, null given /Users/warthur/Projects/www/dms/Application/Home/Controller/IndexController.class.php 第 205 行.

